This is pdfTeX, Version 3.14159265-2.6-1.40.21 (MiKTeX 2.9.7300 64-bit) (preloaded format=pdflatex 2020.9.1)  17 MAY 2021 18:22
entering extended mode
**./report.tex
(report.tex
LaTeX2e <2020-02-02> patch level 2
L3 programming layer <2020-02-14> (eeceTR.cls
Document Class: eeceTR 1995/10/31 UNM EECE report class-mod-05/10/00

("C:\Users\Elijah\AppData\Local\Programs\MiKTeX 2.9\tex/latex/graphics\epsfig.s
ty"
Package: epsfig 2017/06/25 v1.7b (e)psfig emulation (SPQR)

("C:\Users\Elijah\AppData\Local\Programs\MiKTeX 2.9\tex/latex/graphics\graphicx
.sty"
Package: graphicx 2019/11/30 v1.2a Enhanced LaTeX Graphics (DPC,SPQR)

("C:\Users\Elijah\AppData\Local\Programs\MiKTeX 2.9\tex/latex/graphics\keyval.s
ty"
Package: keyval 2014/10/28 v1.15 key=value parser (DPC)
\KV@toks@=\toks14
)
("C:\Users\Elijah\AppData\Local\Programs\MiKTeX 2.9\tex/latex/graphics\graphics
.sty"
Package: graphics 2019/11/30 v1.4a Standard LaTeX Graphics (DPC,SPQR)

("C:\Users\Elijah\AppData\Local\Programs\MiKTeX 2.9\tex/latex/graphics\trig.sty
"
Package: trig 2016/01/03 v1.10 sin cos tan (DPC)
)
("C:\Users\Elijah\AppData\Local\Programs\MiKTeX 2.9\tex/latex/graphics-cfg\grap
hics.cfg"
File: graphics.cfg 2016/06/04 v1.11 sample graphics configuration
)
Package graphics Info: Driver file: pdftex.def on input line 105.

("C:\Users\Elijah\AppData\Local\Programs\MiKTeX 2.9\tex/latex/graphics-def\pdft
ex.def"
File: pdftex.def 2018/01/08 v1.0l Graphics/color driver for pdftex
))
\Gin@req@height=\dimen134
\Gin@req@width=\dimen135
)
\epsfxsize=\dimen136
\epsfysize=\dimen137
)
("C:\Users\Elijah\AppData\Local\Programs\MiKTeX 2.9\tex/latex/pslatex\pslatex.s
ty"
Package: pslatex 2021/01/13 v1.3 pslatex emulation (DPC)
LaTeX Font Info:    Redeclaring symbol font `operators' on input line 66.
LaTeX Font Info:    Overwriting symbol font `operators' in version `normal'
(Font)                  OT1/cmr/m/n --> OT1/ptmcm/m/n on input line 66.
LaTeX Font Info:    Overwriting symbol font `operators' in version `bold'
(Font)                  OT1/cmr/bx/n --> OT1/ptmcm/m/n on input line 66.
LaTeX Font Info:    Redeclaring symbol font `letters' on input line 67.
LaTeX Font Info:    Overwriting symbol font `letters' in version `normal'
(Font)                  OML/cmm/m/it --> OML/ptmcm/m/it on input line 67.
LaTeX Font Info:    Overwriting symbol font `letters' in version `bold'
(Font)                  OML/cmm/b/it --> OML/ptmcm/m/it on input line 67.
LaTeX Font Info:    Redeclaring symbol font `symbols' on input line 68.
LaTeX Font Info:    Overwriting symbol font `symbols' in version `normal'
(Font)                  OMS/cmsy/m/n --> OMS/pzccm/m/n on input line 68.
LaTeX Font Info:    Overwriting symbol font `symbols' in version `bold'
(Font)                  OMS/cmsy/b/n --> OMS/pzccm/m/n on input line 68.
LaTeX Font Info:    Redeclaring symbol font `largesymbols' on input line 69.
LaTeX Font Info:    Overwriting symbol font `largesymbols' in version `normal'
(Font)                  OMX/cmex/m/n --> OMX/psycm/m/n on input line 69.
LaTeX Font Info:    Overwriting symbol font `largesymbols' in version `bold'
(Font)                  OMX/cmex/m/n --> OMX/psycm/m/n on input line 69.
\symbold=\mathgroup4
\symitalic=\mathgroup5
LaTeX Font Info:    Redeclaring math alphabet \mathbf on input line 75.
LaTeX Font Info:    Overwriting math alphabet `\mathbf' in version `normal'
(Font)                  OT1/cmr/bx/n --> OT1/ptm/bx/n on input line 75.
LaTeX Font Info:    Overwriting math alphabet `\mathbf' in version `bold'
(Font)                  OT1/cmr/bx/n --> OT1/ptm/bx/n on input line 75.
LaTeX Font Info:    Redeclaring math alphabet \mathit on input line 76.
LaTeX Font Info:    Overwriting math alphabet `\mathit' in version `normal'
(Font)                  OT1/cmr/m/it --> OT1/ptm/m/it on input line 76.
LaTeX Font Info:    Overwriting math alphabet `\mathit' in version `bold'
(Font)                  OT1/cmr/bx/it --> OT1/ptm/m/it on input line 76.
) (unm10.clo
File: unm10.clo 1995/07/26 Standard UNM file (size option)-mod 01/27/00
)
\@chosenpointsize=\skip47
\@fancybox=\box45
\do@VerbBox=\toks15
\c@part=\count167
\c@chapter=\count168
\c@section=\count169
\c@subsection=\count170
\c@subsubsection=\count171
\c@paragraph=\count172
\c@subparagraph=\count173
\c@figure=\count174
\c@table=\count175
\abovecaptionskip=\skip48
\belowcaptionskip=\skip49
\bibindent=\dimen138
)
("C:\Users\Elijah\AppData\Local\Programs\MiKTeX 2.9\tex/latex/l3backend\l3backe
nd-pdfmode.def"
File: l3backend-pdfmode.def 2020-02-03 L3 backend support: PDF mode
\l__kernel_color_stack_int=\count176
\l__pdf_internal_box=\box46
) (report.aux)
\openout1 = `report.aux'.

LaTeX Font Info:    Checking defaults for OML/cmm/m/it on input line 29.
LaTeX Font Info:    ... okay on input line 29.
LaTeX Font Info:    Checking defaults for OMS/pzccm/m/n on input line 29.
LaTeX Font Info:    Trying to load font information for OMS+pzccm on input line
 29.

("C:\Users\Elijah\AppData\Local\Programs\MiKTeX 2.9\tex/latex/psnfss\omspzccm.f
d"
File: omspzccm.fd 2000/01/03 Fontinst v1.801 font definitions for OMS/pzccm.
)
LaTeX Font Info:    ... okay on input line 29.
LaTeX Font Info:    Checking defaults for OT1/cmr/m/n on input line 29.
LaTeX Font Info:    ... okay on input line 29.
LaTeX Font Info:    Checking defaults for T1/cmr/m/n on input line 29.
LaTeX Font Info:    ... okay on input line 29.
LaTeX Font Info:    Checking defaults for TS1/cmr/m/n on input line 29.
LaTeX Font Info:    ... okay on input line 29.
LaTeX Font Info:    Checking defaults for OMX/cmex/m/n on input line 29.
LaTeX Font Info:    ... okay on input line 29.
LaTeX Font Info:    Checking defaults for U/cmr/m/n on input line 29.
LaTeX Font Info:    ... okay on input line 29.

("C:\Users\Elijah\AppData\Local\Programs\MiKTeX 2.9\tex/context/base/mkii\supp-
pdf.mkii"
[Loading MPS to PDF converter (version 2006.09.02).]
\scratchcounter=\count177
\scratchdimen=\dimen139
\scratchbox=\box47
\nofMPsegments=\count178
\nofMParguments=\count179
\everyMPshowfont=\toks16
\MPscratchCnt=\count180
\MPscratchDim=\dimen140
\MPnumerator=\count181
\makeMPintoPDFobject=\count182
\everyMPtoPDFconversion=\toks17
)
("C:\Users\Elijah\AppData\Local\Programs\MiKTeX 2.9\tex/latex/epstopdf-pkg\epst
opdf-base.sty"
Package: epstopdf-base 2020-01-24 v2.11 Base part for package epstopdf
Package epstopdf-base Info: Redefining graphics rule for `.eps' on input line 4
85.
)
Package epstopdf Info: Source file: <unm_logo.eps>
(epstopdf)                    date: 2021-04-05 15:44:57
(epstopdf)                    size: 8545 bytes
(epstopdf)             Output file: <unm_logo-eps-converted-to.pdf>
(epstopdf)                    date: 2021-04-05 15:45:53
(epstopdf)                    size: 4583 bytes
(epstopdf)             Command: <epstopdf --outfile=unm_logo-eps-converted-to.p
df unm_logo.eps>
(epstopdf)             \includegraphics on input line 31.
Package epstopdf Info: Output file is already uptodate.


pdfTeX warning: pdflatex.exe (file ./unm_logo-eps-converted-to.pdf): PDF inclus
ion: found PDF version <1.7>, but at most version <1.5> allowed
<unm_logo-eps-converted-to.pdf, id=1, 224.84pt x 142.5325pt>
File: unm_logo-eps-converted-to.pdf Graphic file (type pdf)
<use unm_logo-eps-converted-to.pdf>
Package pdftex.def Info: unm_logo-eps-converted-to.pdf  used on input line 31.
(pdftex.def)             Requested size: 108.405pt x 68.72147pt.
LaTeX Font Info:    Trying to load font information for OT1+ptmcm on input line
 31.

("C:\Users\Elijah\AppData\Local\Programs\MiKTeX 2.9\tex/latex/psnfss\ot1ptmcm.f
d"
File: ot1ptmcm.fd 2000/01/03 Fontinst v1.801 font definitions for OT1/ptmcm.
)
LaTeX Font Info:    Trying to load font information for OML+ptmcm on input line
 31.

("C:\Users\Elijah\AppData\Local\Programs\MiKTeX 2.9\tex/latex/psnfss\omlptmcm.f
d"
File: omlptmcm.fd 2000/01/03 Fontinst v1.801 font definitions for OML/ptmcm.
)
LaTeX Font Info:    Trying to load font information for OMX+psycm on input line
 31.

("C:\Users\Elijah\AppData\Local\Programs\MiKTeX 2.9\tex/latex/psnfss\omxpsycm.f
d"
File: omxpsycm.fd 2000/01/03 Fontinst v1.801 font definitions for OMX/psycm.
)
LaTeX Font Info:    Font shape `OT1/ptm/bx/n' in size <12> not available
(Font)              Font shape `OT1/ptm/b/n' tried instead on input line 31.
LaTeX Font Info:    Font shape `OT1/ptm/bx/n' in size <9> not available
(Font)              Font shape `OT1/ptm/b/n' tried instead on input line 31.
LaTeX Font Info:    Font shape `OT1/ptm/bx/n' in size <7> not available
(Font)              Font shape `OT1/ptm/b/n' tried instead on input line 31.
LaTeX Font Info:    Font shape `OT1/ptm/bx/n' in size <5> not available
(Font)              Font shape `OT1/ptm/b/n' tried instead on input line 31.
 [1

{C:/Users/Elijah/AppData/Local/MiKTeX/2.9/pdftex/config/pdftex.map} <./unm_logo
-eps-converted-to.pdf>] [1] (report.bbl) [1] (report.aux) ) 
Here is how much of TeX's memory you used:
 1489 strings out of 481556
 22421 string characters out of 2913402
 251481 words of memory out of 3000000
 16738 multiletter control sequences out of 15000+200000
 561728 words of font info for 73 fonts, out of 3000000 for 9000
 1141 hyphenation exceptions out of 8191
 46i,11n,33p,225b,274s stack positions out of 5000i,500n,10000p,200000b,50000s
{C:/Users/Elijah/App
Data/Local/Programs/MiKTeX 2.9/fonts/enc/dvips/base/8r.enc}<C:/Users/Elijah/App
Data/Local/Programs/MiKTeX 2.9/fonts/type1/urw/courier/ucrr8a.pfb><C:/Users/Eli
jah/AppData/Local/Programs/MiKTeX 2.9/fonts/type1/urw/times/utmb8a.pfb><C:/User
s/Elijah/AppData/Local/Programs/MiKTeX 2.9/fonts/type1/urw/times/utmr8a.pfb><C:
/Users/Elijah/AppData/Local/Programs/MiKTeX 2.9/fonts/type1/urw/times/utmr8a.pf
b><C:/Users/Elijah/AppData/Local/Programs/MiKTeX 2.9/fonts/type1/urw/times/utmr
i8a.pfb>
Output written on report.pdf (3 pages, 63133 bytes).
PDF statistics:
 37 PDF objects out of 1000 (max. 8388607)
 0 named destinations out of 1000 (max. 500000)
 6 words of extra memory for PDF output out of 10000 (max. 10000000)

